Arguments: 
  C:\Program Files\nodejs\node.exe C:\Users\pierr\AppData\Roaming\npm\node_modules\yarn\bin\yarn.js add @micro-orm/core

PATH: 
  C:\Python39\Scripts\;C:\Python39\;C:\Program Files\SlickEdit Pro 25.0.1\win\;C:\Program Files\Common Files\Oracle\Java\javapath;C:\Program Files (x86)\Common Files\Oracle\Java\javapath;C:\Program Files\NVIDIA GPU Computing Toolkit\CUDA\v10.0\bin;C:\Program Files\NVIDIA GPU Computing Toolkit\CUDA\v10.0\libnvvp;C:\Windows\system32;C:\Windows;C:\Windows\System32\Wbem;C:\Windows\System32\WindowsPowerShell\v1.0\;C:\Windows\System32\OpenSSH\;C:\Program Files (x86)\NVIDIA Corporation\PhysX\Common;C:\Program Files\NVIDIA Corporation\NVIDIA NvDLISR;C:\Program Files\NVIDIA Corporation\Nsight Compute 2019.1\;C;C:\Program Files\Git\cmd;C:\Program Files\CMake\bin;C:\WINDOWS\system32;C:\WINDOWS;C:\WINDOWS\System32\Wbem;C:\WINDOWS\System32\WindowsPowerShell\v1.0\;C:\WINDOWS\System32\OpenSSH\;C:\Program Files\nodejs\;C:\ProgramData\chocolatey\bin;C:\Program Files\nodejs;C:\Users\pierr\anaconda3;C:\Users\pierr\anaconda3\Library\mingw-w64\bin;C:\Users\pierr\anaconda3\Library\usr\bin;C:\Users\pierr\anaconda3\Library\bin;C:\Users\pierr\anaconda3\Scripts;C:\Users\pierr\AppData\Local\Programs\Python\Python37\Scripts\;C:\Users\pierr\AppData\Local\Programs\Python\Python37\;C:\Users\pierr\AppData\Local\Microsoft\WindowsApps;C:\Users\pierr\AppData\Local\Programs\Microsoft VS Code\bin;C:\MinGW\bin;C:\Program Files\JetBrains\IntelliJ IDEA Community Edition 2020.3.2\bin;;C:\Users\pierr\AppData\Local\GitHubDesktop\bin;C:\Users\pierr\AppData\Roaming\npm

Yarn version: 
  1.22.10

Node version: 
  16.0.0

Platform: 
  win32 x64

Trace: 
  Error: https://registry.yarnpkg.com/@micro-orm%2fcore: Not found
      at Request.params.callback [as _callback] (C:\Users\pierr\AppData\Roaming\npm\node_modules\yarn\lib\cli.js:66988:18)
      at Request.self.callback (C:\Users\pierr\AppData\Roaming\npm\node_modules\yarn\lib\cli.js:140662:22)
      at Request.emit (node:events:365:28)
      at Request.<anonymous> (C:\Users\pierr\AppData\Roaming\npm\node_modules\yarn\lib\cli.js:141634:10)
      at Request.emit (node:events:365:28)
      at IncomingMessage.<anonymous> (C:\Users\pierr\AppData\Roaming\npm\node_modules\yarn\lib\cli.js:141556:12)
      at Object.onceWrapper (node:events:471:28)
      at IncomingMessage.emit (node:events:377:35)
      at endReadableNT (node:internal/streams/readable:1312:12)
      at processTicksAndRejections (node:internal/process/task_queues:83:21)

npm manifest: 
  {
    "name": "stlstuff",
    "version": "1.0.0",
    "description": "",
    "main": "index.js",
    "dependencies": {
      "arg": "^5.0.0",
      "buffer-from": "^1.1.1",
      "create-require": "^1.1.1",
      "diff": "^5.0.0",
      "make-error": "^1.3.6",
      "nodemon": "^2.0.7",
      "source-map": "^0.7.3",
      "source-map-support": "^0.5.19",
      "ts-node": "^9.1.1",
      "typescript": "^4.2.4",
      "yn": "^4.0.0"
    },
    "devDependencies": {
      "@types/node": "^15.6.1"
    },
    "scripts": {
      "watch": "tsc -w",
      "start": "node dist/index.js",
      "dev": "nodemon dist/index.js",
      "start2": "ts-node src/index.ts"
    },
    "repository": {
      "type": "git",
      "url": "git+https://github.com/PierreMasselot1/STLstuff.git"
    },
    "keywords": [],
    "author": "",
    "license": "ISC",
    "bugs": {
      "url": "https://github.com/PierreMasselot1/STLstuff/issues"
    },
    "homepage": "https://github.com/PierreMasselot1/STLstuff#readme"
  }

yarn manifest: 
  No manifest

Lockfile: 
  No lockfile
